


log for ./xporta -T ../../examples/example.poi 

input file ../../examples/example.poi o.k.
dimension              :    3 
number of cone-points  :    1 
number of conv-points  :    3 

GAUSS - ELIMINATION:
| iter- |     # equa |  # ineq  |   max| long|   non- |     mem |  cpu-time | real-time |
| ation |            |          |  bit-|arith|  zeros |    used |      used |      used |
|       |            |          |length|metic|   in % |   in kB |    in sec |    in sec |
|-------|------------|----------|------|-----|--------|---------|-----------|-----------|
|     4 |          4 |        1 |    4 |   n |   0.46 |      41 |      0.00 |      0.01 |
|     3 |          3 |        2 |    5 |   n |   0.50 |      41 |      0.00 |      0.01 |
|     2 |          2 |        3 |    5 |   n |   0.55 |      41 |      0.00 |      0.01 |
|     1 |          1 |        4 |    5 |   n |   0.62 |      41 |      0.00 |      0.01 |

FOURIER - MOTZKIN - ELIMINATION:
| iter- |      upper |  # ineq  |   max| long|   non- |     mem |  cpu-time | real-time |
| ation |      bound |          |  bit-|arith|  zeros |    used |      used |      used |
|       |     # ineq |          |length|metic|   in % |   in kB |    in sec |    in sec |
|-------|------------|----------|------|-----|--------|---------|-----------|-----------|

sum of inequalities over all iterations :      0
maximal number of inequalities          :      0

transformation to integer values 
sorting system 

number of equations    :    0 
number of inequalities :    4 

output written to file ../../examples/example.poi.ieq




log for ./xporta -T ../../examples/example.poi 

input file ../../examples/example.poi o.k.
dimension              :    3 
number of cone-points  :    1 
number of conv-points  :    3 

GAUSS - ELIMINATION:
| iter- |     # equa |  # ineq  |   max| long|   non- |     mem |  cpu-time | real-time |
| ation |            |          |  bit-|arith|  zeros |    used |      used |      used |
|       |            |          |length|metic|   in % |   in kB |    in sec |    in sec |
|-------|------------|----------|------|-----|--------|---------|-----------|-----------|
|     4 |          4 |        1 |    4 |   n |   0.46 |      41 |      0.00 |      0.00 |
|     3 |          3 |        2 |    5 |   n |   0.50 |      41 |      0.00 |      0.00 |
|     2 |          2 |        3 |    5 |   n |   0.55 |      41 |      0.00 |      0.00 |
|     1 |          1 |        4 |    5 |   n |   0.62 |      41 |      0.00 |      0.00 |

FOURIER - MOTZKIN - ELIMINATION:
| iter- |      upper |  # ineq  |   max| long|   non- |     mem |  cpu-time | real-time |
| ation |      bound |          |  bit-|arith|  zeros |    used |      used |      used |
|       |     # ineq |          |length|metic|   in % |   in kB |    in sec |    in sec |
|-------|------------|----------|------|-----|--------|---------|-----------|-----------|

sum of inequalities over all iterations :      0
maximal number of inequalities          :      0

transformation to integer values 
sorting system 

number of equations    :    0 
number of inequalities :    4 

../../examples/example.poi.ieq moved into ../../examples/example.poi.ieq%
output written to file ../../examples/example.poi.ieq




log for ./xporta -T ex 

invalid format of command line



log for ./xporta -T example.poi 

example.poi : no such file



log for ./xporta -T example.poi 

example.poi : no such file



log for ./xporta -T ex 

invalid format of command line



log for ./xporta -T ex2.poi 

input file ex2.poi o.k.
dimension              :    3 
number of cone-points  :    0 
number of conv-points  :    5 

GAUSS - ELIMINATION:
| iter- |     # equa |  # ineq  |   max| long|   non- |     mem |  cpu-time | real-time |
| ation |            |          |  bit-|arith|  zeros |    used |      used |      used |
|       |            |          |length|metic|   in % |   in kB |    in sec |    in sec |
|-------|------------|----------|------|-----|--------|---------|-----------|-----------|
|     4 |          4 |        1 |    1 |   n |   0.38 |      41 |      0.00 |      0.00 |
|     3 |          3 |        2 |    1 |   n |   0.43 |      41 |      0.00 |      0.00 |
|     2 |          2 |        3 |    1 |   n |   0.46 |      41 |      0.00 |      0.00 |
|     1 |          1 |        4 |    1 |   n |   0.50 |      41 |      0.00 |      0.00 |

FOURIER - MOTZKIN - ELIMINATION:
| iter- |      upper |  # ineq  |   max| long|   non- |     mem |  cpu-time | real-time |
| ation |      bound |          |  bit-|arith|  zeros |    used |      used |      used |
|       |     # ineq |          |length|metic|   in % |   in kB |    in sec |    in sec |
|-------|------------|----------|------|-----|--------|---------|-----------|-----------|
|     1 |          5 |        5 |    1 |   n |   0.28 |     841 |      0.00 |      0.00 |

sum of inequalities over all iterations :      5
maximal number of inequalities          :      5

transformation to integer values 
sorting system 

number of equations    :    0 
number of inequalities :    5 

output written to file ex2.poi.ieq




log for ./xporta -T ex2.poi 

input file ex2.poi o.k.
dimension              :    3 
number of cone-points  :    0 
number of conv-points  :    5 

GAUSS - ELIMINATION:
| iter- |     # equa |  # ineq  |   max| long|   non- |     mem |  cpu-time | real-time |
| ation |            |          |  bit-|arith|  zeros |    used |      used |      used |
|       |            |          |length|metic|   in % |   in kB |    in sec |    in sec |
|-------|------------|----------|------|-----|--------|---------|-----------|-----------|
|     4 |          4 |        1 |    1 |   n |   0.38 |      41 |      0.00 |      0.00 |
|     3 |          3 |        2 |    1 |   n |   0.43 |      41 |      0.00 |      0.00 |
|     2 |          2 |        3 |    1 |   n |   0.46 |      41 |      0.00 |      0.00 |
|     1 |          1 |        4 |    1 |   n |   0.50 |      41 |      0.00 |      0.00 |

FOURIER - MOTZKIN - ELIMINATION:
| iter- |      upper |  # ineq  |   max| long|   non- |     mem |  cpu-time | real-time |
| ation |      bound |          |  bit-|arith|  zeros |    used |      used |      used |
|       |     # ineq |          |length|metic|   in % |   in kB |    in sec |    in sec |
|-------|------------|----------|------|-----|--------|---------|-----------|-----------|
|     1 |          5 |        5 |    1 |   n |   0.28 |     841 |      0.00 |      0.00 |

sum of inequalities over all iterations :      5
maximal number of inequalities          :      5

transformation to integer values 
sorting system 

number of equations    :    0 
number of inequalities :    5 

ex2.poi.ieq moved into ex2.poi.ieq%
output written to file ex2.poi.ieq




log for ./xporta -T ex2.poi 

ex2.poi, line 3 : dimension error



log for ./xporta -T ./ex2.poi 

./ex2.poi, line 3 : dimension error



log for ./xporta -T ex2.poi 

ex2.poi, line 3 : dimension error



log for ./xporta -T ex2.poi 

ex2.poi, line 3 : dimension error



log for ./xporta -T traf ex2.poi 

invalid format of command line



log for ./xporta -T ex2.poi 

ex2.poi, line 68: invalid format



log for ./xporta -T ex2.poi 

ex2.poi, line 67: invalid format



log for ./xporta -T ex2.poi 

ex2.poi, line 67: invalid format



log for ./xporta -T ex2.poi 

ex2.poi, line 66: invalid format



log for ./xporta -T ex2.poi 

input file ex2.poi o.k.
dimension              :    7 
number of cone-points  :    0 
number of conv-points  :   64 

GAUSS - ELIMINATION:
| iter- |     # equa |  # ineq  |   max| long|   non- |     mem |  cpu-time | real-time |
| ation |            |          |  bit-|arith|  zeros |    used |      used |      used |
|       |            |          |length|metic|   in % |   in kB |    in sec |    in sec |
|-------|------------|----------|------|-----|--------|---------|-----------|-----------|
|     8 |          8 |        1 |    1 |   n |   0.41 |      67 |      0.00 |      0.00 |
|     7 |          7 |        2 |    1 |   n |   0.41 |      67 |      0.00 |      0.00 |
|     6 |          6 |        3 |    2 |   n |   0.43 |      67 |      0.00 |      0.00 |
|     5 |          5 |        4 |    2 |   n |   0.46 |      67 |      0.00 |      0.00 |
|     4 |          4 |        5 |    3 |   n |   0.47 |      67 |      0.00 |      0.00 |
|     3 |          3 |        6 |    3 |   n |   0.49 |      67 |      0.00 |      0.00 |
 variable 7 eliminated - finite equation found
|     2 |          2 |        7 |    3 |   n |   0.56 |      67 |      0.00 |      0.00 |
|     1 |          1 |        8 |    3 |   n |   0.57 |      67 |      0.00 |      0.00 |

FOURIER - MOTZKIN - ELIMINATION:
| iter- |      upper |  # ineq  |   max| long|   non- |     mem |  cpu-time | real-time |
| ation |      bound |          |  bit-|arith|  zeros |    used |      used |      used |
|       |     # ineq |          |length|metic|   in % |   in kB |    in sec |    in sec |
|-------|------------|----------|------|-----|--------|---------|-----------|-----------|
|    57 |          8 |        8 |    1 |   n |   0.16 |     857 |      0.00 |      0.00 |
|    56 |          9 |        8 |    1 |   n |   0.17 |     857 |      0.00 |      0.00 |
|    55 |          9 |        8 |    1 |   n |   0.19 |     857 |      0.00 |      0.00 |
|    54 |          9 |        8 |    1 |   n |   0.20 |     857 |      0.00 |      0.00 |
|    53 |          9 |        8 |    1 |   n |   0.22 |     857 |      0.00 |      0.00 |
|    52 |         10 |       10 |    2 |   n |   0.31 |     857 |      0.00 |      0.00 |
|    51 |         12 |       10 |    2 |   n |   0.32 |     857 |      0.00 |      0.00 |
|    50 |         12 |       10 |    2 |   n |   0.34 |     857 |      0.00 |      0.00 |
|    49 |         12 |       10 |    2 |   n |   0.35 |     857 |      0.00 |      0.00 |
|    48 |         13 |       11 |    2 |   n |   0.38 |     857 |      0.00 |      0.00 |
|    47 |         14 |       11 |    2 |   n |   0.39 |     857 |      0.00 |      0.00 |
|    46 |         14 |       11 |    2 |   n |   0.40 |     857 |      0.00 |      0.00 |
|    45 |         15 |       12 |    2 |   n |   0.43 |     857 |      0.00 |      0.00 |
|    44 |         16 |       12 |    2 |   n |   0.44 |     857 |      0.00 |      0.00 |
|    43 |         17 |       13 |    2 |   n |   0.47 |     857 |      0.00 |      0.00 |
|    42 |         18 |       18 |    2 |   n |   0.58 |     857 |      0.00 |      0.00 |
|    41 |         28 |       17 |    2 |   n |   0.57 |     857 |      0.00 |      0.00 |
|    40 |         27 |       16 |    2 |   n |   0.55 |     857 |      0.00 |      0.00 |
|    39 |         26 |       14 |    2 |   n |   0.50 |     857 |      0.00 |      0.00 |
|    38 |         19 |       17 |    2 |   n |   0.57 |     857 |      0.00 |      0.00 |
|    37 |         27 |       16 |    2 |   n |   0.55 |     857 |      0.00 |      0.00 |
|    36 |         26 |       14 |    2 |   n |   0.50 |     857 |      0.00 |      0.00 |
|    35 |         19 |       16 |    2 |   n |   0.55 |     857 |      0.00 |      0.00 |
|    34 |         26 |       14 |    2 |   n |   0.50 |     857 |      0.00 |      0.00 |
|    33 |         19 |       13 |    2 |   n |   0.47 |     857 |      0.00 |      0.00 |
|    32 |         18 |       18 |    2 |   n |   0.58 |     857 |      0.00 |      0.00 |
|    31 |         28 |       17 |    2 |   n |   0.57 |     857 |      0.00 |      0.00 |
|    30 |         27 |       15 |    2 |   n |   0.52 |     857 |      0.00 |      0.00 |
|    29 |         20 |       17 |    2 |   n |   0.57 |     857 |      0.00 |      0.00 |
|    28 |         27 |       15 |    2 |   n |   0.52 |     857 |      0.00 |      0.00 |
|    27 |         20 |       14 |    2 |   n |   0.50 |     857 |      0.00 |      0.00 |
|    26 |         19 |       17 |    2 |   n |   0.57 |     857 |      0.00 |      0.00 |
|    25 |         27 |       15 |    2 |   n |   0.52 |     857 |      0.00 |      0.00 |
|    24 |         20 |       14 |    2 |   n |   0.50 |     857 |      0.00 |      0.00 |
|    23 |         19 |       13 |    2 |   n |   0.47 |     857 |      0.00 |      0.00 |
|    22 |         18 |       18 |    3 |   n |   0.58 |     857 |      0.00 |      0.00 |
|    21 |         28 |       18 |    3 |   n |   0.58 |     857 |      0.00 |      0.00 |
|    20 |         30 |       18 |    3 |   n |   0.58 |     857 |      0.00 |      0.00 |
|    19 |         28 |       19 |    3 |   n |   0.60 |     857 |      0.00 |      0.00 |
|    18 |         34 |       16 |    3 |   n |   0.55 |     857 |      0.00 |      0.00 |
|    17 |         26 |       14 |    2 |   n |   0.50 |     857 |      0.00 |      0.00 |
|    16 |         19 |       17 |    3 |   n |   0.57 |     857 |      0.00 |      0.00 |
|    15 |         27 |       16 |    3 |   n |   0.55 |     857 |      0.00 |      0.00 |
|    14 |         26 |       14 |    2 |   n |   0.50 |     857 |      0.00 |      0.00 |
|    13 |         19 |       13 |    2 |   n |   0.47 |     857 |      0.00 |      0.00 |
|    12 |         18 |       18 |    3 |   n |   0.58 |     857 |      0.00 |      0.00 |
|    11 |         28 |       17 |    3 |   n |   0.57 |     857 |      0.00 |      0.00 |
|    10 |         27 |       15 |    3 |   n |   0.52 |     857 |      0.00 |      0.00 |
|     9 |         20 |       14 |    3 |   n |   0.50 |     857 |      0.00 |      0.00 |
|     8 |         19 |       13 |    3 |   n |   0.47 |     857 |      0.00 |      0.00 |
|     7 |         18 |       18 |    3 |   n |   0.58 |     857 |      0.00 |      0.00 |
|     6 |         28 |       17 |    3 |   n |   0.57 |     857 |      0.00 |      0.00 |
|     5 |         27 |       16 |    3 |   n |   0.55 |     857 |      0.00 |      0.00 |
|     4 |         26 |       14 |    3 |   n |   0.50 |     857 |      0.00 |      0.00 |
|     3 |         19 |       13 |    3 |   n |   0.47 |     857 |      0.00 |      0.00 |
|     2 |         18 |       13 |    3 |   n |   0.47 |     857 |      0.00 |      0.00 |
|     1 |         18 |       12 |    1 |   n |   0.44 |     857 |      0.00 |      0.00 |

sum of inequalities over all iterations :    803
maximal number of inequalities          :     19

transformation to integer values 
sorting system 
transformation to integer values 
sorting system 

number of equations    :    1 
number of inequalities :   12 

ex2.poi.ieq moved into ex2.poi.ieq%
output written to file ex2.poi.ieq




log for ./xporta -T ex2.poi 

ex2.poi, line 67: invalid format



log for ./xporta -T ex2.poi 

input file ex2.poi o.k.
dimension              :    7 
number of cone-points  :    0 
number of conv-points  :   64 

GAUSS - ELIMINATION:
| iter- |     # equa |  # ineq  |   max| long|   non- |     mem |  cpu-time | real-time |
| ation |            |          |  bit-|arith|  zeros |    used |      used |      used |
|       |            |          |length|metic|   in % |   in kB |    in sec |    in sec |
|-------|------------|----------|------|-----|--------|---------|-----------|-----------|
|     8 |          8 |        1 |    1 |   n |   0.41 |      67 |      0.00 |      0.00 |
|     7 |          7 |        2 |    1 |   n |   0.41 |      67 |      0.00 |      0.00 |
|     6 |          6 |        3 |    2 |   n |   0.43 |      67 |      0.00 |      0.00 |
|     5 |          5 |        4 |    2 |   n |   0.46 |      67 |      0.00 |      0.00 |
|     4 |          4 |        5 |    3 |   n |   0.47 |      67 |      0.00 |      0.00 |
|     3 |          3 |        6 |    3 |   n |   0.49 |      67 |      0.00 |      0.00 |
 variable 7 eliminated - finite equation found
|     2 |          2 |        7 |    3 |   n |   0.56 |      67 |      0.00 |      0.00 |
|     1 |          1 |        8 |    3 |   n |   0.57 |      67 |      0.00 |      0.00 |

FOURIER - MOTZKIN - ELIMINATION:
| iter- |      upper |  # ineq  |   max| long|   non- |     mem |  cpu-time | real-time |
| ation |      bound |          |  bit-|arith|  zeros |    used |      used |      used |
|       |     # ineq |          |length|metic|   in % |   in kB |    in sec |    in sec |
|-------|------------|----------|------|-----|--------|---------|-----------|-----------|
|    57 |          8 |        8 |    1 |   n |   0.16 |     857 |      0.00 |      0.00 |
|    56 |          9 |        8 |    1 |   n |   0.17 |     857 |      0.00 |      0.00 |
|    55 |          9 |        8 |    1 |   n |   0.19 |     857 |      0.00 |      0.00 |
|    54 |          9 |        8 |    1 |   n |   0.20 |     857 |      0.00 |      0.00 |
|    53 |          9 |        8 |    1 |   n |   0.22 |     857 |      0.00 |      0.00 |
|    52 |         10 |       10 |    2 |   n |   0.31 |     857 |      0.00 |      0.00 |
|    51 |         12 |       10 |    2 |   n |   0.32 |     857 |      0.00 |      0.00 |
|    50 |         12 |       10 |    2 |   n |   0.34 |     857 |      0.00 |      0.00 |
|    49 |         12 |       10 |    2 |   n |   0.35 |     857 |      0.00 |      0.00 |
|    48 |         13 |       11 |    2 |   n |   0.38 |     857 |      0.00 |      0.00 |
|    47 |         14 |       11 |    2 |   n |   0.39 |     857 |      0.00 |      0.00 |
|    46 |         14 |       11 |    2 |   n |   0.40 |     857 |      0.00 |      0.00 |
|    45 |         15 |       12 |    2 |   n |   0.43 |     857 |      0.00 |      0.00 |
|    44 |         16 |       12 |    2 |   n |   0.44 |     857 |      0.00 |      0.00 |
|    43 |         17 |       13 |    2 |   n |   0.47 |     857 |      0.00 |      0.00 |
|    42 |         18 |       18 |    2 |   n |   0.58 |     857 |      0.00 |      0.00 |
|    41 |         28 |       17 |    2 |   n |   0.57 |     857 |      0.00 |      0.00 |
|    40 |         27 |       16 |    2 |   n |   0.55 |     857 |      0.00 |      0.00 |
|    39 |         26 |       14 |    2 |   n |   0.50 |     857 |      0.00 |      0.00 |
|    38 |         19 |       17 |    2 |   n |   0.57 |     857 |      0.00 |      0.00 |
|    37 |         27 |       16 |    2 |   n |   0.55 |     857 |      0.00 |      0.00 |
|    36 |         26 |       14 |    2 |   n |   0.50 |     857 |      0.00 |      0.00 |
|    35 |         19 |       16 |    2 |   n |   0.55 |     857 |      0.00 |      0.00 |
|    34 |         26 |       14 |    2 |   n |   0.50 |     857 |      0.00 |      0.00 |
|    33 |         19 |       13 |    2 |   n |   0.47 |     857 |      0.00 |      0.00 |
|    32 |         18 |       18 |    2 |   n |   0.58 |     857 |      0.00 |      0.00 |
|    31 |         28 |       17 |    2 |   n |   0.57 |     857 |      0.00 |      0.00 |
|    30 |         27 |       15 |    2 |   n |   0.52 |     857 |      0.00 |      0.00 |
|    29 |         20 |       17 |    2 |   n |   0.57 |     857 |      0.00 |      0.00 |
|    28 |         27 |       15 |    2 |   n |   0.52 |     857 |      0.00 |      0.00 |
|    27 |         20 |       14 |    2 |   n |   0.50 |     857 |      0.00 |      0.00 |
|    26 |         19 |       17 |    2 |   n |   0.57 |     857 |      0.00 |      0.00 |
|    25 |         27 |       15 |    2 |   n |   0.52 |     857 |      0.00 |      0.00 |
|    24 |         20 |       14 |    2 |   n |   0.50 |     857 |      0.00 |      0.00 |
|    23 |         19 |       13 |    2 |   n |   0.47 |     857 |      0.00 |      0.00 |
|    22 |         18 |       18 |    3 |   n |   0.58 |     857 |      0.00 |      0.00 |
|    21 |         28 |       18 |    3 |   n |   0.58 |     857 |      0.00 |      0.00 |
|    20 |         30 |       18 |    3 |   n |   0.58 |     857 |      0.00 |      0.00 |
|    19 |         28 |       19 |    3 |   n |   0.60 |     857 |      0.00 |      0.00 |
|    18 |         34 |       16 |    3 |   n |   0.55 |     857 |      0.00 |      0.00 |
|    17 |         26 |       14 |    2 |   n |   0.50 |     857 |      0.00 |      0.00 |
|    16 |         19 |       17 |    3 |   n |   0.57 |     857 |      0.00 |      0.00 |
|    15 |         27 |       16 |    3 |   n |   0.55 |     857 |      0.00 |      0.00 |
|    14 |         26 |       14 |    2 |   n |   0.50 |     857 |      0.00 |      0.00 |
|    13 |         19 |       13 |    2 |   n |   0.47 |     857 |      0.00 |      0.00 |
|    12 |         18 |       18 |    3 |   n |   0.58 |     857 |      0.00 |      0.00 |
|    11 |         28 |       17 |    3 |   n |   0.57 |     857 |      0.00 |      0.00 |
|    10 |         27 |       15 |    3 |   n |   0.52 |     857 |      0.00 |      0.00 |
|     9 |         20 |       14 |    3 |   n |   0.50 |     857 |      0.00 |      0.00 |
|     8 |         19 |       13 |    3 |   n |   0.47 |     857 |      0.00 |      0.00 |
|     7 |         18 |       18 |    3 |   n |   0.58 |     857 |      0.00 |      0.00 |
|     6 |         28 |       17 |    3 |   n |   0.57 |     857 |      0.00 |      0.00 |
|     5 |         27 |       16 |    3 |   n |   0.55 |     857 |      0.00 |      0.00 |
|     4 |         26 |       14 |    3 |   n |   0.50 |     857 |      0.00 |      0.00 |
|     3 |         19 |       13 |    3 |   n |   0.47 |     857 |      0.00 |      0.00 |
|     2 |         18 |       13 |    3 |   n |   0.47 |     857 |      0.00 |      0.00 |
|     1 |         18 |       12 |    1 |   n |   0.44 |     857 |      0.00 |      0.00 |

sum of inequalities over all iterations :    803
maximal number of inequalities          :     19

transformation to integer values 
sorting system 
transformation to integer values 
sorting system 

number of equations    :    1 
number of inequalities :   12 

ex2.poi.ieq moved into ex2.poi.ieq%
output written to file ex2.poi.ieq




log for ./xporta -T ex2.poi 

ex2.poi, line 67: invalid format



log for ./xporta -T ex2.poi 

input file ex2.poi o.k.
dimension              :    7 
number of cone-points  :    0 
number of conv-points  :   64 

GAUSS - ELIMINATION:
| iter- |     # equa |  # ineq  |   max| long|   non- |     mem |  cpu-time | real-time |
| ation |            |          |  bit-|arith|  zeros |    used |      used |      used |
|       |            |          |length|metic|   in % |   in kB |    in sec |    in sec |
|-------|------------|----------|------|-----|--------|---------|-----------|-----------|
|     8 |          8 |        1 |    1 |   n |   0.41 |      67 |      0.00 |      0.00 |
|     7 |          7 |        2 |    1 |   n |   0.41 |      67 |      0.00 |      0.00 |
|     6 |          6 |        3 |    2 |   n |   0.43 |      67 |      0.00 |      0.00 |
|     5 |          5 |        4 |    2 |   n |   0.46 |      67 |      0.00 |      0.00 |
|     4 |          4 |        5 |    3 |   n |   0.47 |      67 |      0.00 |      0.00 |
|     3 |          3 |        6 |    3 |   n |   0.49 |      67 |      0.00 |      0.00 |
 variable 7 eliminated - finite equation found
|     2 |          2 |        7 |    3 |   n |   0.56 |      67 |      0.00 |      0.00 |
|     1 |          1 |        8 |    3 |   n |   0.57 |      67 |      0.00 |      0.00 |

FOURIER - MOTZKIN - ELIMINATION:
| iter- |      upper |  # ineq  |   max| long|   non- |     mem |  cpu-time | real-time |
| ation |      bound |          |  bit-|arith|  zeros |    used |      used |      used |
|       |     # ineq |          |length|metic|   in % |   in kB |    in sec |    in sec |
|-------|------------|----------|------|-----|--------|---------|-----------|-----------|
|    57 |          8 |        8 |    1 |   n |   0.16 |     857 |      0.00 |      0.00 |
|    56 |          9 |        8 |    1 |   n |   0.17 |     857 |      0.00 |      0.00 |
|    55 |          9 |        8 |    1 |   n |   0.19 |     857 |      0.00 |      0.00 |
|    54 |          9 |        8 |    1 |   n |   0.20 |     857 |      0.00 |      0.00 |
|    53 |          9 |        8 |    1 |   n |   0.22 |     857 |      0.00 |      0.00 |
|    52 |         10 |       10 |    2 |   n |   0.31 |     857 |      0.00 |      0.00 |
|    51 |         12 |       10 |    2 |   n |   0.32 |     857 |      0.00 |      0.00 |
|    50 |         12 |       10 |    2 |   n |   0.34 |     857 |      0.00 |      0.00 |
|    49 |         12 |       10 |    2 |   n |   0.35 |     857 |      0.00 |      0.00 |
|    48 |         13 |       11 |    2 |   n |   0.38 |     857 |      0.00 |      0.00 |
|    47 |         14 |       11 |    2 |   n |   0.39 |     857 |      0.00 |      0.00 |
|    46 |         14 |       11 |    2 |   n |   0.40 |     857 |      0.00 |      0.00 |
|    45 |         15 |       12 |    2 |   n |   0.43 |     857 |      0.00 |      0.00 |
|    44 |         16 |       12 |    2 |   n |   0.44 |     857 |      0.00 |      0.00 |
|    43 |         17 |       13 |    2 |   n |   0.47 |     857 |      0.00 |      0.00 |
|    42 |         18 |       18 |    2 |   n |   0.58 |     857 |      0.00 |      0.00 |
|    41 |         28 |       17 |    2 |   n |   0.57 |     857 |      0.00 |      0.00 |
|    40 |         27 |       16 |    2 |   n |   0.55 |     857 |      0.00 |      0.00 |
|    39 |         26 |       14 |    2 |   n |   0.50 |     857 |      0.00 |      0.00 |
|    38 |         19 |       17 |    2 |   n |   0.57 |     857 |      0.00 |      0.00 |
|    37 |         27 |       16 |    2 |   n |   0.55 |     857 |      0.00 |      0.00 |
|    36 |         26 |       14 |    2 |   n |   0.50 |     857 |      0.00 |      0.00 |
|    35 |         19 |       16 |    2 |   n |   0.55 |     857 |      0.00 |      0.00 |
|    34 |         26 |       14 |    2 |   n |   0.50 |     857 |      0.00 |      0.00 |
|    33 |         19 |       13 |    2 |   n |   0.47 |     857 |      0.00 |      0.00 |
|    32 |         18 |       18 |    2 |   n |   0.58 |     857 |      0.00 |      0.00 |
|    31 |         28 |       17 |    2 |   n |   0.57 |     857 |      0.00 |      0.00 |
|    30 |         27 |       15 |    2 |   n |   0.52 |     857 |      0.00 |      0.00 |
|    29 |         20 |       17 |    2 |   n |   0.57 |     857 |      0.00 |      0.00 |
|    28 |         27 |       15 |    2 |   n |   0.52 |     857 |      0.00 |      0.00 |
|    27 |         20 |       14 |    2 |   n |   0.50 |     857 |      0.00 |      0.00 |
|    26 |         19 |       17 |    2 |   n |   0.57 |     857 |      0.00 |      0.00 |
|    25 |         27 |       15 |    2 |   n |   0.52 |     857 |      0.00 |      0.00 |
|    24 |         20 |       14 |    2 |   n |   0.50 |     857 |      0.00 |      0.00 |
|    23 |         19 |       13 |    2 |   n |   0.47 |     857 |      0.00 |      0.00 |
|    22 |         18 |       18 |    3 |   n |   0.58 |     857 |      0.00 |      0.00 |
|    21 |         28 |       18 |    3 |   n |   0.58 |     857 |      0.00 |      0.00 |
|    20 |         30 |       18 |    3 |   n |   0.58 |     857 |      0.00 |      0.00 |
|    19 |         28 |       19 |    3 |   n |   0.60 |     857 |      0.00 |      0.00 |
|    18 |         34 |       16 |    3 |   n |   0.55 |     857 |      0.00 |      0.00 |
|    17 |         26 |       14 |    2 |   n |   0.50 |     857 |      0.00 |      0.00 |
|    16 |         19 |       17 |    3 |   n |   0.57 |     857 |      0.00 |      0.00 |
|    15 |         27 |       16 |    3 |   n |   0.55 |     857 |      0.00 |      0.00 |
|    14 |         26 |       14 |    2 |   n |   0.50 |     857 |      0.00 |      0.00 |
|    13 |         19 |       13 |    2 |   n |   0.47 |     857 |      0.00 |      0.00 |
|    12 |         18 |       18 |    3 |   n |   0.58 |     857 |      0.00 |      0.00 |
|    11 |         28 |       17 |    3 |   n |   0.57 |     857 |      0.00 |      0.00 |
|    10 |         27 |       15 |    3 |   n |   0.52 |     857 |      0.00 |      0.00 |
|     9 |         20 |       14 |    3 |   n |   0.50 |     857 |      0.00 |      0.00 |
|     8 |         19 |       13 |    3 |   n |   0.47 |     857 |      0.00 |      0.00 |
|     7 |         18 |       18 |    3 |   n |   0.58 |     857 |      0.00 |      0.00 |
|     6 |         28 |       17 |    3 |   n |   0.57 |     857 |      0.00 |      0.00 |
|     5 |         27 |       16 |    3 |   n |   0.55 |     857 |      0.00 |      0.00 |
|     4 |         26 |       14 |    3 |   n |   0.50 |     857 |      0.00 |      0.00 |
|     3 |         19 |       13 |    3 |   n |   0.47 |     857 |      0.00 |      0.00 |
|     2 |         18 |       13 |    3 |   n |   0.47 |     857 |      0.00 |      0.00 |
|     1 |         18 |       12 |    1 |   n |   0.44 |     857 |      0.00 |      0.00 |

sum of inequalities over all iterations :    803
maximal number of inequalities          :     19

transformation to integer values 
sorting system 
transformation to integer values 
sorting system 

number of equations    :    1 
number of inequalities :   12 

output written to file ex2.poi.ieq




log for ./xporta -T ex2.poi 

input file ex2.poi o.k.
dimension              :    7 
number of cone-points  :    0 
number of conv-points  :  128 

GAUSS - ELIMINATION:
| iter- |     # equa |  # ineq  |   max| long|   non- |     mem |  cpu-time | real-time |
| ation |            |          |  bit-|arith|  zeros |    used |      used |      used |
|       |            |          |length|metic|   in % |   in kB |    in sec |    in sec |
|-------|------------|----------|------|-----|--------|---------|-----------|-----------|
|     8 |          8 |        1 |    1 |   n |   0.48 |      92 |      0.00 |      0.00 |
|     7 |          7 |        2 |    1 |   n |   0.49 |      92 |      0.00 |      0.00 |
|     6 |          6 |        3 |    2 |   n |   0.50 |      92 |      0.00 |      0.00 |
|     5 |          5 |        4 |    2 |   n |   0.52 |      92 |      0.00 |      0.00 |
|     4 |          4 |        5 |    3 |   n |   0.54 |      92 |      0.00 |      0.00 |
|     3 |          3 |        6 |    3 |   n |   0.55 |      92 |      0.00 |      0.00 |
|     2 |          2 |        7 |    3 |   n |   0.56 |      92 |      0.00 |      0.00 |
|     1 |          1 |        8 |    3 |   n |   0.56 |      92 |      0.00 |      0.00 |

FOURIER - MOTZKIN - ELIMINATION:
| iter- |      upper |  # ineq  |   max| long|   non- |     mem |  cpu-time | real-time |
| ation |      bound |          |  bit-|arith|  zeros |    used |      used |      used |
|       |     # ineq |          |length|metic|   in % |   in kB |    in sec |    in sec |
|-------|------------|----------|------|-----|--------|---------|-----------|-----------|
|   120 |          9 |        9 |    1 |   n |   0.14 |     875 |      0.00 |      0.00 |
|   119 |         10 |        9 |    1 |   n |   0.15 |     875 |      0.00 |      0.00 |
|   118 |         10 |        9 |    1 |   n |   0.16 |     875 |      0.00 |      0.00 |
|   117 |         10 |        9 |    1 |   n |   0.17 |     875 |      0.00 |      0.00 |
|   116 |         10 |        9 |    1 |   n |   0.19 |     875 |      0.00 |      0.00 |
|   115 |         10 |        9 |    1 |   n |   0.20 |     875 |      0.00 |      0.00 |
|   114 |         11 |       11 |    2 |   n |   0.28 |     875 |      0.00 |      0.00 |
|   113 |         13 |       11 |    2 |   n |   0.29 |     875 |      0.00 |      0.00 |
|   112 |         13 |       11 |    2 |   n |   0.30 |     875 |      0.00 |      0.00 |
|   111 |         13 |       11 |    2 |   n |   0.31 |     875 |      0.00 |      0.00 |
|   110 |         13 |       11 |    2 |   n |   0.32 |     875 |      0.00 |      0.00 |
|   109 |         14 |       12 |    2 |   n |   0.34 |     875 |      0.00 |      0.00 |
|   108 |         15 |       12 |    2 |   n |   0.35 |     875 |      0.00 |      0.00 |
|   107 |         15 |       12 |    2 |   n |   0.36 |     875 |      0.00 |      0.00 |
|   106 |         15 |       12 |    2 |   n |   0.37 |     875 |      0.00 |      0.00 |
|   105 |         16 |       13 |    2 |   n |   0.39 |     875 |      0.00 |      0.00 |
|   104 |         17 |       13 |    2 |   n |   0.40 |     875 |      0.00 |      0.00 |
|   103 |         17 |       13 |    2 |   n |   0.41 |     875 |      0.00 |      0.00 |
|   102 |         18 |       14 |    2 |   n |   0.44 |     875 |      0.00 |      0.00 |
|   101 |         19 |       14 |    2 |   n |   0.44 |     875 |      0.00 |      0.00 |
|   100 |         20 |       15 |    2 |   n |   0.47 |     875 |      0.00 |      0.00 |
|    99 |         21 |       21 |    2 |   n |   0.59 |     875 |      0.00 |      0.00 |
|    98 |         33 |       20 |    2 |   n |   0.58 |     875 |      0.00 |      0.00 |
|    97 |         32 |       19 |    2 |   n |   0.56 |     875 |      0.00 |      0.00 |
|    96 |         31 |       18 |    2 |   n |   0.54 |     875 |      0.00 |      0.00 |
|    95 |         30 |       16 |    2 |   n |   0.50 |     875 |      0.00 |      0.00 |
|    94 |         22 |       20 |    2 |   n |   0.58 |     875 |      0.00 |      0.00 |
|    93 |         32 |       19 |    2 |   n |   0.56 |     875 |      0.00 |      0.00 |
|    92 |         31 |       18 |    2 |   n |   0.54 |     875 |      0.00 |      0.00 |
|    91 |         30 |       16 |    2 |   n |   0.50 |     875 |      0.00 |      0.00 |
|    90 |         22 |       19 |    2 |   n |   0.56 |     875 |      0.00 |      0.00 |
|    89 |         31 |       18 |    2 |   n |   0.54 |     875 |      0.00 |      0.00 |
|    88 |         30 |       16 |    2 |   n |   0.50 |     875 |      0.00 |      0.00 |
|    87 |         22 |       18 |    2 |   n |   0.54 |     875 |      0.00 |      0.00 |
|    86 |         30 |       16 |    2 |   n |   0.50 |     875 |      0.00 |      0.00 |
|    85 |         22 |       15 |    2 |   n |   0.47 |     875 |      0.00 |      0.00 |
|    84 |         21 |       21 |    2 |   n |   0.59 |     875 |      0.00 |      0.00 |
|    83 |         33 |       20 |    2 |   n |   0.58 |     875 |      0.00 |      0.00 |
|    82 |         32 |       19 |    2 |   n |   0.56 |     875 |      0.00 |      0.00 |
|    81 |         31 |       17 |    2 |   n |   0.52 |     875 |      0.00 |      0.00 |
|    80 |         23 |       20 |    2 |   n |   0.58 |     875 |      0.00 |      0.00 |
|    79 |         32 |       19 |    2 |   n |   0.56 |     875 |      0.00 |      0.00 |
|    78 |         31 |       17 |    2 |   n |   0.52 |     875 |      0.00 |      0.00 |
|    77 |         23 |       19 |    2 |   n |   0.56 |     875 |      0.00 |      0.00 |
|    76 |         31 |       17 |    2 |   n |   0.52 |     875 |      0.00 |      0.00 |
|    75 |         23 |       16 |    2 |   n |   0.50 |     875 |      0.00 |      0.00 |
|    74 |         22 |       20 |    2 |   n |   0.58 |     875 |      0.00 |      0.00 |
|    73 |         32 |       19 |    2 |   n |   0.56 |     875 |      0.00 |      0.00 |
|    72 |         31 |       17 |    2 |   n |   0.52 |     875 |      0.00 |      0.00 |
|    71 |         23 |       19 |    2 |   n |   0.56 |     875 |      0.00 |      0.00 |
|    70 |         31 |       17 |    2 |   n |   0.52 |     875 |      0.00 |      0.00 |
|    69 |         23 |       16 |    2 |   n |   0.50 |     875 |      0.00 |      0.00 |
|    68 |         22 |       19 |    2 |   n |   0.56 |     875 |      0.00 |      0.00 |
|    67 |         31 |       17 |    2 |   n |   0.52 |     875 |      0.00 |      0.00 |
|    66 |         23 |       16 |    2 |   n |   0.50 |     875 |      0.00 |      0.00 |
|    65 |         22 |       15 |    2 |   n |   0.47 |     875 |      0.00 |      0.00 |
|    64 |         21 |       21 |    3 |   n |   0.59 |     875 |      0.00 |      0.00 |
|    63 |         33 |       21 |    3 |   n |   0.59 |     875 |      0.00 |      0.00 |
|    62 |         35 |       22 |    3 |   n |   0.61 |     875 |      0.00 |      0.00 |
|    61 |         40 |       23 |    3 |   n |   0.62 |     875 |      0.00 |      0.00 |
|    60 |         37 |       26 |    4 |   n |   0.65 |     876 |      0.00 |      0.00 |
|    59 |         54 |       23 |    3 |   n |   0.62 |     876 |      0.00 |      0.00 |
|    58 |         44 |       20 |    3 |   n |   0.58 |     876 |      0.00 |      0.00 |
|    57 |         32 |       21 |    3 |   n |   0.59 |     876 |      0.00 |      0.00 |
|    56 |         39 |       18 |    3 |   n |   0.54 |     876 |      0.00 |      0.00 |
|    55 |         30 |       16 |    2 |   n |   0.50 |     876 |      0.00 |      0.00 |
|    54 |         22 |       20 |    3 |   n |   0.58 |     876 |      0.00 |      0.00 |
|    53 |         32 |       20 |    3 |   n |   0.58 |     876 |      0.00 |      0.00 |
|    52 |         34 |       20 |    3 |   n |   0.58 |     876 |      0.00 |      0.00 |
|    51 |         32 |       21 |    3 |   n |   0.59 |     876 |      0.00 |      0.00 |
|    50 |         39 |       18 |    3 |   n |   0.54 |     876 |      0.00 |      0.00 |
|    49 |         30 |       16 |    2 |   n |   0.50 |     876 |      0.00 |      0.00 |
|    48 |         22 |       19 |    3 |   n |   0.56 |     876 |      0.00 |      0.00 |
|    47 |         31 |       18 |    3 |   n |   0.54 |     876 |      0.00 |      0.00 |
|    46 |         30 |       16 |    2 |   n |   0.50 |     876 |      0.00 |      0.00 |
|    45 |         22 |       15 |    2 |   n |   0.47 |     876 |      0.00 |      0.00 |
|    44 |         21 |       21 |    3 |   n |   0.59 |     876 |      0.00 |      0.00 |
|    43 |         33 |       21 |    3 |   n |   0.59 |     876 |      0.00 |      0.00 |
|    42 |         35 |       21 |    3 |   n |   0.59 |     876 |      0.00 |      0.00 |
|    41 |         33 |       22 |    3 |   n |   0.61 |     876 |      0.00 |      0.00 |
|    40 |         40 |       19 |    3 |   n |   0.56 |     876 |      0.00 |      0.00 |
|    39 |         31 |       17 |    3 |   n |   0.52 |     876 |      0.00 |      0.00 |
|    38 |         23 |       20 |    3 |   n |   0.58 |     876 |      0.00 |      0.00 |
|    37 |         32 |       19 |    3 |   n |   0.56 |     876 |      0.00 |      0.00 |
|    36 |         31 |       17 |    3 |   n |   0.52 |     876 |      0.00 |      0.00 |
|    35 |         23 |       16 |    3 |   n |   0.50 |     876 |      0.00 |      0.00 |
|    34 |         22 |       20 |    3 |   n |   0.58 |     876 |      0.00 |      0.00 |
|    33 |         32 |       19 |    3 |   n |   0.56 |     876 |      0.00 |      0.00 |
|    32 |         31 |       17 |    3 |   n |   0.52 |     876 |      0.00 |      0.00 |
|    31 |         23 |       16 |    3 |   n |   0.50 |     876 |      0.00 |      0.00 |
|    30 |         22 |       15 |    3 |   n |   0.47 |     876 |      0.00 |      0.00 |
|    29 |         21 |       21 |    3 |   n |   0.59 |     876 |      0.00 |      0.00 |
|    28 |         33 |       21 |    3 |   n |   0.59 |     876 |      0.00 |      0.01 |
|    27 |         35 |       22 |    4 |   n |   0.61 |     876 |      0.00 |      0.01 |
|    26 |         40 |       23 |    3 |   n |   0.62 |     876 |      0.00 |      0.01 |
|    25 |         44 |       21 |    3 |   n |   0.59 |     876 |      0.00 |      0.01 |
|    24 |         37 |       21 |    3 |   n |   0.59 |     876 |      0.00 |      0.01 |
|    23 |         33 |       23 |    3 |   n |   0.62 |     876 |      0.00 |      0.01 |
|    22 |         41 |       21 |    3 |   n |   0.59 |     876 |      0.00 |      0.01 |
|    21 |         39 |       18 |    3 |   n |   0.54 |     876 |      0.00 |      0.01 |
|    20 |         30 |       16 |    3 |   n |   0.50 |     876 |      0.00 |      0.01 |
|    19 |         22 |       20 |    3 |   n |   0.58 |     876 |      0.00 |      0.01 |
|    18 |         32 |       19 |    3 |   n |   0.56 |     876 |      0.00 |      0.01 |
|    17 |         31 |       18 |    3 |   n |   0.54 |     876 |      0.00 |      0.01 |
|    16 |         30 |       16 |    3 |   n |   0.50 |     876 |      0.00 |      0.01 |
|    15 |         22 |       15 |    3 |   n |   0.47 |     876 |      0.00 |      0.01 |
|    14 |         21 |       21 |    3 |   n |   0.59 |     876 |      0.00 |      0.01 |
|    13 |         33 |       20 |    3 |   n |   0.58 |     876 |      0.00 |      0.01 |
|    12 |         32 |       19 |    3 |   n |   0.56 |     876 |      0.00 |      0.01 |
|    11 |         31 |       17 |    3 |   n |   0.52 |     876 |      0.00 |      0.01 |
|    10 |         23 |       16 |    3 |   n |   0.50 |     876 |      0.00 |      0.01 |
|     9 |         22 |       15 |    3 |   n |   0.47 |     876 |      0.00 |      0.01 |
|     8 |         21 |       21 |    3 |   n |   0.59 |     876 |      0.00 |      0.01 |
|     7 |         33 |       20 |    3 |   n |   0.58 |     876 |      0.00 |      0.01 |
|     6 |         32 |       19 |    4 |   n |   0.56 |     876 |      0.00 |      0.01 |
|     5 |         31 |       18 |    4 |   n |   0.54 |     876 |      0.00 |      0.01 |
|     4 |         30 |       16 |    3 |   n |   0.50 |     876 |      0.00 |      0.01 |
|     3 |         22 |       15 |    3 |   n |   0.47 |     876 |      0.00 |      0.01 |
|     2 |         21 |       15 |    3 |   n |   0.47 |     876 |      0.00 |      0.01 |
|     1 |         21 |       14 |    1 |   n |   0.44 |     876 |      0.00 |      0.01 |

sum of inequalities over all iterations :   2083
maximal number of inequalities          :     26

transformation to integer values 
sorting system 

number of equations    :    0 
number of inequalities :   14 

ex2.poi.ieq moved into ex2.poi.ieq%
output written to file ex2.poi.ieq




log for ./xporta -T ex2.poi 

input file ex2.poi o.k.
dimension              :    7 
number of cone-points  :    0 
number of conv-points  :    1 

GAUSS - ELIMINATION:
| iter- |     # equa |  # ineq  |   max| long|   non- |     mem |  cpu-time | real-time |
| ation |            |          |  bit-|arith|  zeros |    used |      used |      used |
|       |            |          |length|metic|   in % |   in kB |    in sec |    in sec |
|-------|------------|----------|------|-----|--------|---------|-----------|-----------|
 variable 1 eliminated - finite equation found
|     8 |          8 |        1 |    1 |   n |   0.14 |      43 |      0.00 |      0.00 |
 variable 2 eliminated - finite equation found
|     7 |          7 |        2 |    1 |   n |   0.17 |      43 |      0.00 |      0.00 |
 variable 3 eliminated - finite equation found
|     6 |          6 |        3 |    1 |   n |   0.20 |      43 |      0.00 |      0.00 |
 variable 4 eliminated - finite equation found
|     5 |          5 |        4 |    1 |   n |   0.25 |      43 |      0.00 |      0.00 |
 variable 5 eliminated - finite equation found
|     4 |          4 |        5 |    1 |   n |   0.33 |      43 |      0.00 |      0.00 |
 variable 6 eliminated - finite equation found
|     3 |          3 |        6 |    1 |   n |   0.50 |      43 |      0.00 |      0.00 |
 variable 7 eliminated - finite equation found
|     2 |          2 |        7 |    1 |   n |   1.00 |      43 |      0.00 |      0.00 |
|     1 |          1 |        8 |    1 |   n |   1.00 |      43 |      0.00 |      0.00 |

FOURIER - MOTZKIN - ELIMINATION:
| iter- |      upper |  # ineq  |   max| long|   non- |     mem |  cpu-time | real-time |
| ation |      bound |          |  bit-|arith|  zeros |    used |      used |      used |
|       |     # ineq |          |length|metic|   in % |   in kB |    in sec |    in sec |
|-------|------------|----------|------|-----|--------|---------|-----------|-----------|

sum of inequalities over all iterations :      0
maximal number of inequalities          :      0

transformation to integer values 
sorting system 
transformation to integer values 
sorting system 

number of equations    :    7 
number of inequalities :    0 

ex2.poi.ieq moved into ex2.poi.ieq%
output written to file ex2.poi.ieq




log for ./xporta -T ex2.poi 

input file ex2.poi o.k.
dimension              :    7 
number of cone-points  :    0 
number of conv-points  :  128 

GAUSS - ELIMINATION:
| iter- |     # equa |  # ineq  |   max| long|   non- |     mem |  cpu-time | real-time |
| ation |            |          |  bit-|arith|  zeros |    used |      used |      used |
|       |            |          |length|metic|   in % |   in kB |    in sec |    in sec |
|-------|------------|----------|------|-----|--------|---------|-----------|-----------|
|     8 |          8 |        1 |    1 |   n |   0.48 |      92 |      0.00 |      0.00 |
|     7 |          7 |        2 |    1 |   n |   0.49 |      92 |      0.00 |      0.00 |
|     6 |          6 |        3 |    2 |   n |   0.50 |      92 |      0.00 |      0.00 |
|     5 |          5 |        4 |    2 |   n |   0.52 |      92 |      0.00 |      0.00 |
|     4 |          4 |        5 |    3 |   n |   0.54 |      92 |      0.00 |      0.00 |
|     3 |          3 |        6 |    3 |   n |   0.55 |      92 |      0.00 |      0.00 |
|     2 |          2 |        7 |    3 |   n |   0.56 |      92 |      0.00 |      0.00 |
|     1 |          1 |        8 |    3 |   n |   0.56 |      92 |      0.00 |      0.00 |

FOURIER - MOTZKIN - ELIMINATION:
| iter- |      upper |  # ineq  |   max| long|   non- |     mem |  cpu-time | real-time |
| ation |      bound |          |  bit-|arith|  zeros |    used |      used |      used |
|       |     # ineq |          |length|metic|   in % |   in kB |    in sec |    in sec |
|-------|------------|----------|------|-----|--------|---------|-----------|-----------|
|   120 |          9 |        9 |    1 |   n |   0.14 |     875 |      0.00 |      0.00 |
|   119 |         10 |        9 |    1 |   n |   0.15 |     875 |      0.00 |      0.00 |
|   118 |         10 |        9 |    1 |   n |   0.16 |     875 |      0.00 |      0.00 |
|   117 |         10 |        9 |    1 |   n |   0.17 |     875 |      0.00 |      0.00 |
|   116 |         10 |        9 |    1 |   n |   0.19 |     875 |      0.00 |      0.00 |
|   115 |         10 |        9 |    1 |   n |   0.20 |     875 |      0.00 |      0.00 |
|   114 |         11 |       11 |    2 |   n |   0.28 |     875 |      0.00 |      0.00 |
|   113 |         13 |       11 |    2 |   n |   0.29 |     875 |      0.00 |      0.00 |
|   112 |         13 |       11 |    2 |   n |   0.30 |     875 |      0.00 |      0.00 |
|   111 |         13 |       11 |    2 |   n |   0.31 |     875 |      0.00 |      0.00 |
|   110 |         13 |       11 |    2 |   n |   0.32 |     875 |      0.00 |      0.00 |
|   109 |         14 |       12 |    2 |   n |   0.34 |     875 |      0.00 |      0.00 |
|   108 |         15 |       12 |    2 |   n |   0.35 |     875 |      0.00 |      0.00 |
|   107 |         15 |       12 |    2 |   n |   0.36 |     875 |      0.00 |      0.00 |
|   106 |         15 |       12 |    2 |   n |   0.37 |     875 |      0.00 |      0.00 |
|   105 |         16 |       13 |    2 |   n |   0.39 |     875 |      0.00 |      0.00 |
|   104 |         17 |       13 |    2 |   n |   0.40 |     875 |      0.00 |      0.00 |
|   103 |         17 |       13 |    2 |   n |   0.41 |     875 |      0.00 |      0.00 |
|   102 |         18 |       14 |    2 |   n |   0.44 |     875 |      0.00 |      0.00 |
|   101 |         19 |       14 |    2 |   n |   0.44 |     875 |      0.00 |      0.00 |
|   100 |         20 |       15 |    2 |   n |   0.47 |     875 |      0.00 |      0.00 |
|    99 |         21 |       21 |    2 |   n |   0.59 |     875 |      0.00 |      0.00 |
|    98 |         33 |       20 |    2 |   n |   0.58 |     875 |      0.00 |      0.00 |
|    97 |         32 |       19 |    2 |   n |   0.56 |     875 |      0.00 |      0.00 |
|    96 |         31 |       18 |    2 |   n |   0.54 |     875 |      0.00 |      0.00 |
|    95 |         30 |       16 |    2 |   n |   0.50 |     875 |      0.00 |      0.00 |
|    94 |         22 |       20 |    2 |   n |   0.58 |     875 |      0.00 |      0.00 |
|    93 |         32 |       19 |    2 |   n |   0.56 |     875 |      0.00 |      0.00 |
|    92 |         31 |       18 |    2 |   n |   0.54 |     875 |      0.00 |      0.00 |
|    91 |         30 |       16 |    2 |   n |   0.50 |     875 |      0.00 |      0.00 |
|    90 |         22 |       19 |    2 |   n |   0.56 |     875 |      0.00 |      0.00 |
|    89 |         31 |       18 |    2 |   n |   0.54 |     875 |      0.00 |      0.00 |
|    88 |         30 |       16 |    2 |   n |   0.50 |     875 |      0.00 |      0.00 |
|    87 |         22 |       18 |    2 |   n |   0.54 |     875 |      0.00 |      0.00 |
|    86 |         30 |       16 |    2 |   n |   0.50 |     875 |      0.00 |      0.00 |
|    85 |         22 |       15 |    2 |   n |   0.47 |     875 |      0.00 |      0.00 |
|    84 |         21 |       21 |    2 |   n |   0.59 |     875 |      0.00 |      0.00 |
|    83 |         33 |       20 |    2 |   n |   0.58 |     875 |      0.00 |      0.00 |
|    82 |         32 |       19 |    2 |   n |   0.56 |     875 |      0.00 |      0.00 |
|    81 |         31 |       17 |    2 |   n |   0.52 |     875 |      0.00 |      0.00 |
|    80 |         23 |       20 |    2 |   n |   0.58 |     875 |      0.00 |      0.00 |
|    79 |         32 |       19 |    2 |   n |   0.56 |     875 |      0.00 |      0.00 |
|    78 |         31 |       17 |    2 |   n |   0.52 |     875 |      0.00 |      0.00 |
|    77 |         23 |       19 |    2 |   n |   0.56 |     875 |      0.00 |      0.00 |
|    76 |         31 |       17 |    2 |   n |   0.52 |     875 |      0.00 |      0.00 |
|    75 |         23 |       16 |    2 |   n |   0.50 |     875 |      0.00 |      0.00 |
|    74 |         22 |       20 |    2 |   n |   0.58 |     875 |      0.00 |      0.00 |
|    73 |         32 |       19 |    2 |   n |   0.56 |     875 |      0.00 |      0.00 |
|    72 |         31 |       17 |    2 |   n |   0.52 |     875 |      0.00 |      0.00 |
|    71 |         23 |       19 |    2 |   n |   0.56 |     875 |      0.00 |      0.00 |
|    70 |         31 |       17 |    2 |   n |   0.52 |     875 |      0.00 |      0.00 |
|    69 |         23 |       16 |    2 |   n |   0.50 |     875 |      0.00 |      0.00 |
|    68 |         22 |       19 |    2 |   n |   0.56 |     875 |      0.00 |      0.00 |
|    67 |         31 |       17 |    2 |   n |   0.52 |     875 |      0.00 |      0.00 |
|    66 |         23 |       16 |    2 |   n |   0.50 |     875 |      0.00 |      0.00 |
|    65 |         22 |       15 |    2 |   n |   0.47 |     875 |      0.00 |      0.00 |
|    64 |         21 |       21 |    3 |   n |   0.59 |     875 |      0.00 |      0.00 |
|    63 |         33 |       21 |    3 |   n |   0.59 |     875 |      0.00 |      0.00 |
|    62 |         35 |       22 |    3 |   n |   0.61 |     875 |      0.00 |      0.00 |
|    61 |         40 |       23 |    3 |   n |   0.62 |     875 |      0.00 |      0.00 |
|    60 |         37 |       26 |    4 |   n |   0.65 |     876 |      0.00 |      0.00 |
|    59 |         54 |       23 |    3 |   n |   0.62 |     876 |      0.00 |      0.00 |
|    58 |         44 |       20 |    3 |   n |   0.58 |     876 |      0.00 |      0.00 |
|    57 |         32 |       21 |    3 |   n |   0.59 |     876 |      0.00 |      0.00 |
|    56 |         39 |       18 |    3 |   n |   0.54 |     876 |      0.00 |      0.00 |
|    55 |         30 |       16 |    2 |   n |   0.50 |     876 |      0.00 |      0.00 |
|    54 |         22 |       20 |    3 |   n |   0.58 |     876 |      0.00 |      0.00 |
|    53 |         32 |       20 |    3 |   n |   0.58 |     876 |      0.00 |      0.00 |
|    52 |         34 |       20 |    3 |   n |   0.58 |     876 |      0.00 |      0.00 |
|    51 |         32 |       21 |    3 |   n |   0.59 |     876 |      0.00 |      0.00 |
|    50 |         39 |       18 |    3 |   n |   0.54 |     876 |      0.00 |      0.00 |
|    49 |         30 |       16 |    2 |   n |   0.50 |     876 |      0.00 |      0.00 |
|    48 |         22 |       19 |    3 |   n |   0.56 |     876 |      0.00 |      0.00 |
|    47 |         31 |       18 |    3 |   n |   0.54 |     876 |      0.00 |      0.00 |
|    46 |         30 |       16 |    2 |   n |   0.50 |     876 |      0.00 |      0.00 |
|    45 |         22 |       15 |    2 |   n |   0.47 |     876 |      0.00 |      0.00 |
|    44 |         21 |       21 |    3 |   n |   0.59 |     876 |      0.00 |      0.00 |
|    43 |         33 |       21 |    3 |   n |   0.59 |     876 |      0.00 |      0.00 |
|    42 |         35 |       21 |    3 |   n |   0.59 |     876 |      0.00 |      0.00 |
|    41 |         33 |       22 |    3 |   n |   0.61 |     876 |      0.00 |      0.00 |
|    40 |         40 |       19 |    3 |   n |   0.56 |     876 |      0.00 |      0.00 |
|    39 |         31 |       17 |    3 |   n |   0.52 |     876 |      0.00 |      0.00 |
|    38 |         23 |       20 |    3 |   n |   0.58 |     876 |      0.00 |      0.00 |
|    37 |         32 |       19 |    3 |   n |   0.56 |     876 |      0.00 |      0.00 |
|    36 |         31 |       17 |    3 |   n |   0.52 |     876 |      0.00 |      0.00 |
|    35 |         23 |       16 |    3 |   n |   0.50 |     876 |      0.00 |      0.00 |
|    34 |         22 |       20 |    3 |   n |   0.58 |     876 |      0.00 |      0.00 |
|    33 |         32 |       19 |    3 |   n |   0.56 |     876 |      0.00 |      0.00 |
|    32 |         31 |       17 |    3 |   n |   0.52 |     876 |      0.00 |      0.00 |
|    31 |         23 |       16 |    3 |   n |   0.50 |     876 |      0.00 |      0.00 |
|    30 |         22 |       15 |    3 |   n |   0.47 |     876 |      0.00 |      0.00 |
|    29 |         21 |       21 |    3 |   n |   0.59 |     876 |      0.00 |      0.00 |
|    28 |         33 |       21 |    3 |   n |   0.59 |     876 |      0.00 |      0.00 |
|    27 |         35 |       22 |    4 |   n |   0.61 |     876 |      0.00 |      0.00 |
|    26 |         40 |       23 |    3 |   n |   0.62 |     876 |      0.00 |      0.00 |
|    25 |         44 |       21 |    3 |   n |   0.59 |     876 |      0.00 |      0.00 |
|    24 |         37 |       21 |    3 |   n |   0.59 |     876 |      0.00 |      0.00 |
|    23 |         33 |       23 |    3 |   n |   0.62 |     876 |      0.00 |      0.00 |
|    22 |         41 |       21 |    3 |   n |   0.59 |     876 |      0.00 |      0.00 |
|    21 |         39 |       18 |    3 |   n |   0.54 |     876 |      0.00 |      0.00 |
|    20 |         30 |       16 |    3 |   n |   0.50 |     876 |      0.00 |      0.00 |
|    19 |         22 |       20 |    3 |   n |   0.58 |     876 |      0.00 |      0.00 |
|    18 |         32 |       19 |    3 |   n |   0.56 |     876 |      0.00 |      0.00 |
|    17 |         31 |       18 |    3 |   n |   0.54 |     876 |      0.00 |      0.00 |
|    16 |         30 |       16 |    3 |   n |   0.50 |     876 |      0.00 |      0.00 |
|    15 |         22 |       15 |    3 |   n |   0.47 |     876 |      0.00 |      0.00 |
|    14 |         21 |       21 |    3 |   n |   0.59 |     876 |      0.00 |      0.00 |
|    13 |         33 |       20 |    3 |   n |   0.58 |     876 |      0.00 |      0.00 |
|    12 |         32 |       19 |    3 |   n |   0.56 |     876 |      0.00 |      0.00 |
|    11 |         31 |       17 |    3 |   n |   0.52 |     876 |      0.00 |      0.00 |
|    10 |         23 |       16 |    3 |   n |   0.50 |     876 |      0.00 |      0.00 |
|     9 |         22 |       15 |    3 |   n |   0.47 |     876 |      0.00 |      0.00 |
|     8 |         21 |       21 |    3 |   n |   0.59 |     876 |      0.00 |      0.00 |
|     7 |         33 |       20 |    3 |   n |   0.58 |     876 |      0.00 |      0.00 |
|     6 |         32 |       19 |    4 |   n |   0.56 |     876 |      0.00 |      0.00 |
|     5 |         31 |       18 |    4 |   n |   0.54 |     876 |      0.00 |      0.00 |
|     4 |         30 |       16 |    3 |   n |   0.50 |     876 |      0.00 |      0.00 |
|     3 |         22 |       15 |    3 |   n |   0.47 |     876 |      0.00 |      0.00 |
|     2 |         21 |       15 |    3 |   n |   0.47 |     876 |      0.00 |      0.01 |
|     1 |         21 |       14 |    1 |   n |   0.44 |     876 |      0.00 |      0.01 |

sum of inequalities over all iterations :   2083
maximal number of inequalities          :     26

transformation to integer values 
sorting system 

number of equations    :    0 
number of inequalities :   14 

ex2.poi.ieq moved into ex2.poi.ieq%
output written to file ex2.poi.ieq




log for ./xporta -T ex2.poi 

input file ex2.poi o.k.
dimension              :    7 
number of cone-points  :    0 
number of conv-points  :   19 

GAUSS - ELIMINATION:
| iter- |     # equa |  # ineq  |   max| long|   non- |     mem |  cpu-time | real-time |
| ation |            |          |  bit-|arith|  zeros |    used |      used |      used |
|       |            |          |length|metic|   in % |   in kB |    in sec |    in sec |
|-------|------------|----------|------|-----|--------|---------|-----------|-----------|
|     8 |          8 |        1 |    1 |   n |   0.24 |      50 |      0.00 |      0.00 |
|     7 |          7 |        2 |    1 |   n |   0.25 |      50 |      0.00 |      0.00 |
|     6 |          6 |        3 |    2 |   n |   0.26 |      50 |      0.00 |      0.00 |
|     5 |          5 |        4 |    2 |   n |   0.28 |      50 |      0.00 |      0.00 |
|     4 |          4 |        5 |    2 |   n |   0.30 |      50 |      0.00 |      0.00 |
|     3 |          3 |        6 |    2 |   n |   0.31 |      50 |      0.00 |      0.00 |
|     2 |          2 |        7 |    2 |   n |   0.32 |      50 |      0.00 |      0.00 |
|     1 |          1 |        8 |    2 |   n |   0.33 |      50 |      0.00 |      0.00 |

FOURIER - MOTZKIN - ELIMINATION:
| iter- |      upper |  # ineq  |   max| long|   non- |     mem |  cpu-time | real-time |
| ation |      bound |          |  bit-|arith|  zeros |    used |      used |      used |
|       |     # ineq |          |length|metic|   in % |   in kB |    in sec |    in sec |
|-------|------------|----------|------|-----|--------|---------|-----------|-----------|
|    11 |          9 |        9 |    1 |   n |   0.14 |     846 |      0.00 |      0.02 |
|    10 |         10 |        9 |    1 |   n |   0.15 |     846 |      0.00 |      0.02 |
|     9 |         10 |        9 |    1 |   n |   0.16 |     846 |      0.00 |      0.02 |
|     8 |         10 |        9 |    1 |   n |   0.17 |     846 |      0.00 |      0.02 |
|     7 |         10 |        9 |    1 |   n |   0.19 |     846 |      0.00 |      0.02 |
|     6 |         11 |       11 |    2 |   n |   0.26 |     846 |      0.00 |      0.02 |
|     5 |         13 |       11 |    2 |   n |   0.27 |     846 |      0.00 |      0.02 |
|     4 |         13 |       11 |    2 |   n |   0.28 |     846 |      0.00 |      0.02 |
|     3 |         14 |       13 |    2 |   n |   0.33 |     846 |      0.00 |      0.02 |
|     2 |         16 |       15 |    2 |   n |   0.39 |     846 |      0.00 |      0.02 |
|     1 |         21 |       15 |    3 |   n |   0.39 |     846 |      0.00 |      0.02 |

sum of inequalities over all iterations :    121
maximal number of inequalities          :     15

transformation to integer values 
sorting system 

number of equations    :    0 
number of inequalities :   15 

output written to file ex2.poi.ieq




log for ./xporta -T ex2.poi 

input file ex2.poi o.k.
dimension              :    7 
number of cone-points  :    0 
number of conv-points  :   19 

GAUSS - ELIMINATION:
| iter- |     # equa |  # ineq  |   max| long|   non- |     mem |  cpu-time | real-time |
| ation |            |          |  bit-|arith|  zeros |    used |      used |      used |
|       |            |          |length|metic|   in % |   in kB |    in sec |    in sec |
|-------|------------|----------|------|-----|--------|---------|-----------|-----------|
|     8 |          8 |        1 |    1 |   n |   0.24 |      50 |      0.00 |      0.00 |
|     7 |          7 |        2 |    1 |   n |   0.25 |      50 |      0.00 |      0.00 |
|     6 |          6 |        3 |    2 |   n |   0.26 |      50 |      0.00 |      0.00 |
|     5 |          5 |        4 |    2 |   n |   0.28 |      50 |      0.00 |      0.00 |
|     4 |          4 |        5 |    2 |   n |   0.30 |      50 |      0.00 |      0.00 |
|     3 |          3 |        6 |    2 |   n |   0.31 |      50 |      0.00 |      0.00 |
|     2 |          2 |        7 |    2 |   n |   0.32 |      50 |      0.00 |      0.00 |
|     1 |          1 |        8 |    2 |   n |   0.33 |      50 |      0.00 |      0.00 |

FOURIER - MOTZKIN - ELIMINATION:
| iter- |      upper |  # ineq  |   max| long|   non- |     mem |  cpu-time | real-time |
| ation |      bound |          |  bit-|arith|  zeros |    used |      used |      used |
|       |     # ineq |          |length|metic|   in % |   in kB |    in sec |    in sec |
|-------|------------|----------|------|-----|--------|---------|-----------|-----------|
|    11 |          9 |        9 |    1 |   n |   0.14 |     846 |      0.00 |      0.01 |
|    10 |         10 |        9 |    1 |   n |   0.15 |     846 |      0.00 |      0.01 |
|     9 |         10 |        9 |    1 |   n |   0.16 |     846 |      0.00 |      0.01 |
|     8 |         10 |        9 |    1 |   n |   0.17 |     846 |      0.00 |      0.01 |
|     7 |         10 |        9 |    1 |   n |   0.19 |     846 |      0.00 |      0.01 |
|     6 |         11 |       11 |    2 |   n |   0.26 |     846 |      0.00 |      0.01 |
|     5 |         13 |       11 |    2 |   n |   0.27 |     846 |      0.00 |      0.01 |
|     4 |         13 |       11 |    2 |   n |   0.28 |     846 |      0.00 |      0.01 |
|     3 |         14 |       13 |    2 |   n |   0.33 |     846 |      0.00 |      0.01 |
|     2 |         16 |       15 |    2 |   n |   0.39 |     846 |      0.00 |      0.01 |
|     1 |         21 |       15 |    3 |   n |   0.39 |     846 |      0.00 |      0.01 |

sum of inequalities over all iterations :    121
maximal number of inequalities          :     15

transformation to integer values 
sorting system 

number of equations    :    0 
number of inequalities :   15 

output written to file ex2.poi.ieq

